Wed, 23 Dec 2020 20:33:52 GMT - Info - Server is running on port: 3030
Wed, 23 Dec 2020 20:34:02 GMT - Info - Server is running on port: 3030
Wed, 23 Dec 2020 20:34:04 GMT - Info - Server is running on port: 3030
Wed, 23 Dec 2020 20:36:46 GMT - Info - Server is running on port: 3030
Wed, 23 Dec 2020 20:37:03 GMT - Info - Server is running on port: 3030
Wed, 23 Dec 2020 20:37:08 GMT - Info - Server is running on port: 3030
Thu, 24 Dec 2020 09:11:32 GMT - Info - Server is running on port: 3030
Thu, 24 Dec 2020 09:12:05 GMT - Info - Server is running on port: 3030
Thu, 24 Dec 2020 09:12:20 GMT - Info - Server is running on port: 3030
Thu, 24 Dec 2020 09:12:43 GMT - Info - Server is running on port: 3030
Thu, 24 Dec 2020 09:12:58 GMT - Info - Server is running on port: 3030
Thu, 24 Dec 2020 09:13:38 GMT - Info - Server is running on port: 3030
Thu, 24 Dec 2020 09:13:59 GMT - Info - Server is running on port: 3030
Thu, 24 Dec 2020 09:28:43 GMT - Info - Server is running on port: 3030
Thu, 24 Dec 2020 09:28:50 GMT - Info - Server is running on port: 3030
Thu, 24 Dec 2020 09:30:04 GMT - Info - Server is running on port: 3030
Thu, 24 Dec 2020 09:30:08 GMT - Info - Server is running on port: 3030
Thu, 24 Dec 2020 09:31:25 GMT - Info - Server is running on port: 3030
Thu, 24 Dec 2020 09:31:34 GMT - Info - Server is running on port: 3030
Thu, 24 Dec 2020 09:31:40 GMT - Info - Server is running on port: 3030
Thu, 24 Dec 2020 09:32:39 GMT - Info - Server is running on port: 3030
Thu, 24 Dec 2020 09:36:41 GMT - Info - Server is running on port: 3030
Thu, 24 Dec 2020 09:37:24 GMT - Info - Server is running on port: 3030
Thu, 24 Dec 2020 09:37:44 GMT - Info - Server is running on port: 3030
Thu, 24 Dec 2020 09:42:26 GMT - Info - Server is running on port: 3030
Thu, 24 Dec 2020 09:50:45 GMT - Info - Server is running on port: 3030
Thu, 24 Dec 2020 10:22:30 GMT - Info - Server is running on port: 3030
Thu, 24 Dec 2020 10:22:58 GMT - Info - Server is running on port: 3030
Thu, 24 Dec 2020 10:25:53 GMT - Info - Server is running on port: 3030
Thu, 24 Dec 2020 10:26:17 GMT - Info - Server is running on port: 3030
Thu, 24 Dec 2020 10:26:43 GMT - Info - Server is running on port: 3030
Thu, 24 Dec 2020 10:26:47 GMT - Info - Server is running on port: 3030
Thu, 24 Dec 2020 10:27:45 GMT - Info - Server is running on port: 3030
Thu, 24 Dec 2020 10:28:43 GMT - Info - Server is running on port: 3030
Thu, 24 Dec 2020 10:29:08 GMT - Info - Server is running on port: 3030
Thu, 24 Dec 2020 10:29:39 GMT - Info - Server is running on port: 3030
Thu, 24 Dec 2020 10:30:03 GMT - Info - Server is running on port: 3030
Thu, 24 Dec 2020 10:30:29 GMT - Info - Server is running on port: 3030
Thu, 24 Dec 2020 10:30:53 GMT - Info - Server is running on port: 3030
Thu, 24 Dec 2020 10:31:26 GMT - Info - Server is running on port: 3030
Thu, 24 Dec 2020 13:42:30 GMT - Info - Server is running on port: 3030
Thu, 24 Dec 2020 13:43:36 GMT - Info - Server is running on port: 3030
Thu, 24 Dec 2020 13:43:53 GMT - Info - Server is running on port: 3030
Thu, 24 Dec 2020 13:48:29 GMT - Info - Server is running on port: 3030
Thu, 24 Dec 2020 13:50:07 GMT - Info - Server is running on port: 3030
Thu, 24 Dec 2020 13:50:30 GMT - Info - Server is running on port: 3030
Thu, 24 Dec 2020 13:50:37 GMT - Info - Server is running on port: 3030
Thu, 24 Dec 2020 13:53:20 GMT - Info - Server is running on port: 3030
Thu, 24 Dec 2020 13:53:44 GMT - Info - Server is running on port: 3030
Thu, 24 Dec 2020 13:54:55 GMT - Info - Server is running on port: 3030
Thu, 24 Dec 2020 13:55:27 GMT - Info - Server is running on port: 3030
Thu, 24 Dec 2020 19:44:22 GMT - Info - Server is running on port: 3030
Thu, 24 Dec 2020 19:49:03 GMT - Info - Server is running on port: 3030
Thu, 24 Dec 2020 19:52:32 GMT - Info - Server is running on port: 3030
Thu, 24 Dec 2020 20:10:40 GMT - Info - Server is running on port: 3030
Thu, 24 Dec 2020 20:10:46 GMT - Info - Server is running on port: 3030
Thu, 24 Dec 2020 20:12:38 GMT - Info - Server is running on port: 3030
Thu, 24 Dec 2020 20:18:13 GMT - Info - Server is running on port: 3030
Fri, 25 Dec 2020 12:27:56 GMT - Info - Server is running on port: 3030
Fri, 25 Dec 2020 12:28:23 GMT - Info - Server is running on port: 3030
Fri, 25 Dec 2020 12:32:18 GMT - Info - Server is running on port: 3030
Fri, 25 Dec 2020 12:43:23 GMT - Info - Server is running on port: 3030
Fri, 25 Dec 2020 12:44:29 GMT - Info - Server is running on port: 3030
Fri, 25 Dec 2020 12:48:51 GMT - Info - Server is running on port: 3030
Fri, 25 Dec 2020 15:09:57 GMT - Info - Server is running on port: 3030
Fri, 25 Dec 2020 15:10:09 GMT - Info - Server is running on port: 3030
Fri, 25 Dec 2020 15:36:01 GMT - Info - Server is running on port: 3030
Fri, 25 Dec 2020 15:37:03 GMT - Info - Server is running on port: 3030
Fri, 25 Dec 2020 15:37:05 GMT - Info - Server is running on port: 3030
Fri, 25 Dec 2020 15:37:57 GMT - Info - Server is running on port: 3030
Fri, 25 Dec 2020 15:40:55 GMT - Info - Server is running on port: 3030
Fri, 25 Dec 2020 15:40:59 GMT - Info - Server is running on port: 3030
Fri, 25 Dec 2020 15:43:27 GMT - Info - Server is running on port: 3030
Fri, 25 Dec 2020 15:44:43 GMT - Info - Server is running on port: 3030
Fri, 25 Dec 2020 15:44:44 GMT - Info - Server is running on port: 3030
Fri, 25 Dec 2020 15:44:58 GMT - Info - Server is running on port: 3030
Fri, 25 Dec 2020 15:45:15 GMT - Info - Server is running on port: 3030
Fri, 25 Dec 2020 15:45:21 GMT - Info - Server is running on port: 3030
Fri, 25 Dec 2020 15:45:41 GMT - Info - Server is running on port: 3030
Fri, 25 Dec 2020 15:45:48 GMT - Info - Server is running on port: 3030
Fri, 25 Dec 2020 15:45:53 GMT - Info - Server is running on port: 3030
Fri, 25 Dec 2020 15:45:55 GMT - Info - Server is running on port: 3030
Fri, 25 Dec 2020 15:46:11 GMT - Info - Server is running on port: 3030
Fri, 25 Dec 2020 15:46:15 GMT - Info - Server is running on port: 3030
Fri, 25 Dec 2020 15:46:24 GMT - Info - Server is running on port: 3030
Fri, 25 Dec 2020 15:46:52 GMT - Info - Server is running on port: 3030
Fri, 25 Dec 2020 15:46:57 GMT - Info - Server is running on port: 3030
Fri, 25 Dec 2020 15:47:09 GMT - Info - Server is running on port: 3030
Fri, 25 Dec 2020 15:50:07 GMT - Info - Server is running on port: 3030
Fri, 25 Dec 2020 15:50:50 GMT - Info - Server is running on port: 3030
Fri, 25 Dec 2020 15:52:31 GMT - Info - Server is running on port: 3030
Fri, 25 Dec 2020 15:52:49 GMT - Info - Server is running on port: 3030
Fri, 25 Dec 2020 15:55:00 GMT - Info - Server is running on port: 3030
Fri, 25 Dec 2020 15:55:10 GMT - Info - Server is running on port: 3030
Fri, 25 Dec 2020 16:00:02 GMT - Info - Server is running on port: 3030
Fri, 25 Dec 2020 16:00:12 GMT - Info - Server is running on port: 3030
Fri, 25 Dec 2020 16:00:36 GMT - Info - Server is running on port: 3030
Fri, 25 Dec 2020 16:00:44 GMT - Info - Server is running on port: 3030
Fri, 25 Dec 2020 16:00:56 GMT - Info - Server is running on port: 3030
Fri, 25 Dec 2020 16:01:42 GMT - Info - Server is running on port: 3030
Fri, 25 Dec 2020 16:01:52 GMT - Info - Server is running on port: 3030
Fri, 25 Dec 2020 16:02:11 GMT - Info - Server is running on port: 3030
Fri, 25 Dec 2020 16:03:01 GMT - Info - Server is running on port: 3030
Fri, 25 Dec 2020 16:03:02 GMT - Info - Server is running on port: 3030
Fri, 25 Dec 2020 16:03:07 GMT - Info - Server is running on port: 3030
Fri, 25 Dec 2020 16:03:12 GMT - Info - Server is running on port: 3030
Fri, 25 Dec 2020 16:04:54 GMT - Info - Server is running on port: 3030
Fri, 25 Dec 2020 16:11:18 GMT - Info - Server is running on port: 3030
Fri, 25 Dec 2020 16:11:21 GMT - Info - Server is running on port: 3030
Fri, 25 Dec 2020 16:11:29 GMT - Info - Server is running on port: 3030
Fri, 25 Dec 2020 16:22:44 GMT - Info - Server is running on port: 3030
Fri, 25 Dec 2020 16:24:24 GMT - Info - Server is running on port: 3030
Fri, 25 Dec 2020 16:25:41 GMT - Info - Server is running on port: 3030
Fri, 25 Dec 2020 16:26:05 GMT - Info - Server is running on port: 3030
Fri, 25 Dec 2020 16:26:20 GMT - Info - Server is running on port: 3030
Fri, 25 Dec 2020 16:27:22 GMT - Info - Server is running on port: 3030
Fri, 25 Dec 2020 16:28:30 GMT - Info - Server is running on port: 3030
Fri, 25 Dec 2020 16:29:51 GMT - Info - Server is running on port: 3030
Fri, 25 Dec 2020 16:30:30 GMT - Info - Server is running on port: 3030
Fri, 25 Dec 2020 16:31:59 GMT - Info - Server is running on port: 3030
Fri, 25 Dec 2020 16:33:59 GMT - Info - Server is running on port: 3030
Fri, 25 Dec 2020 16:34:26 GMT - Info - Server is running on port: 3030
Fri, 25 Dec 2020 16:37:03 GMT - Info - Server is running on port: 3030
Fri, 25 Dec 2020 16:37:23 GMT - Info - Server is running on port: 3030
Fri, 25 Dec 2020 16:38:15 GMT - Info - Server is running on port: 3030
Fri, 25 Dec 2020 16:40:17 GMT - Info - Server is running on port: 3030
Fri, 25 Dec 2020 16:40:43 GMT - Info - Server is running on port: 3030
Fri, 25 Dec 2020 16:41:16 GMT - Info - Server is running on port: 3030
Fri, 25 Dec 2020 16:47:26 GMT - Info - Server is running on port: 3030
Fri, 25 Dec 2020 16:48:15 GMT - Info - Server is running on port: 3030
Fri, 25 Dec 2020 16:48:51 GMT - Info - Server is running on port: 3030
Fri, 25 Dec 2020 16:49:14 GMT - Info - Server is running on port: 3030
Fri, 25 Dec 2020 16:49:40 GMT - Info - Server is running on port: 3030
Fri, 25 Dec 2020 16:49:48 GMT - Info - Server is running on port: 3030
Fri, 25 Dec 2020 16:50:33 GMT - Info - Server is running on port: 3030
Fri, 25 Dec 2020 16:50:44 GMT - Info - Server is running on port: 3030
Fri, 25 Dec 2020 16:51:05 GMT - Info - Server is running on port: 3030
Fri, 25 Dec 2020 16:51:14 GMT - Info - Server is running on port: 3030
Fri, 25 Dec 2020 16:52:18 GMT - Info - Server is running on port: 3030
Fri, 25 Dec 2020 16:57:36 GMT - Info - Server is running on port: 3030
Fri, 25 Dec 2020 16:59:12 GMT - Info - Server is running on port: 3030
Fri, 25 Dec 2020 17:03:33 GMT - Info - Server is running on port: 3030
Fri, 25 Dec 2020 17:04:50 GMT - Info - Server is running on port: 3030
Fri, 25 Dec 2020 17:05:07 GMT - Info - Server is running on port: 3030
Fri, 25 Dec 2020 17:09:58 GMT - Info - Server is running on port: 3030
Fri, 25 Dec 2020 17:10:22 GMT - Info - Server is running on port: 3030
Fri, 25 Dec 2020 17:10:38 GMT - Info - Server is running on port: 3030
Fri, 25 Dec 2020 17:10:58 GMT - Info - Server is running on port: 3030
Fri, 25 Dec 2020 17:11:33 GMT - Info - Server is running on port: 3030
Fri, 25 Dec 2020 17:11:58 GMT - Info - Server is running on port: 3030
Fri, 25 Dec 2020 17:12:08 GMT - Info - Server is running on port: 3030
Fri, 25 Dec 2020 17:12:25 GMT - Info - Server is running on port: 3030
Fri, 25 Dec 2020 17:13:00 GMT - Info - Server is running on port: 3030
Fri, 25 Dec 2020 17:13:02 GMT - Info - Server is running on port: 3030
Fri, 25 Dec 2020 17:14:21 GMT - Info - Server is running on port: 3030
Fri, 25 Dec 2020 17:15:15 GMT - Info - Server is running on port: 3030
Fri, 25 Dec 2020 17:15:31 GMT - Info - Server is running on port: 3030
Fri, 25 Dec 2020 17:16:14 GMT - Info - Server is running on port: 3030
Fri, 25 Dec 2020 17:16:55 GMT - Info - Server is running on port: 3030
Fri, 25 Dec 2020 17:17:36 GMT - Info - Server is running on port: 3030
Fri, 25 Dec 2020 17:17:56 GMT - Info - Server is running on port: 3030
Sat, 26 Dec 2020 16:29:35 GMT - Info - Server is running on port: 3030
Sat, 26 Dec 2020 16:31:21 GMT - Info - Server is running on port: 3030
Sat, 26 Dec 2020 16:32:00 GMT - Info - Server is running on port: 3030
Sat, 26 Dec 2020 16:32:17 GMT - Info - Server is running on port: 3030
Sat, 26 Dec 2020 16:32:41 GMT - Info - Server is running on port: 3030
Sat, 26 Dec 2020 16:32:56 GMT - Info - Server is running on port: 3030
Sat, 26 Dec 2020 16:33:10 GMT - Info - Server is running on port: 3030
Sat, 26 Dec 2020 16:34:40 GMT - Info - Server is running on port: 3030
Sat, 26 Dec 2020 16:35:34 GMT - Info - Server is running on port: 3030
Sat, 26 Dec 2020 16:36:23 GMT - Info - Server is running on port: 3030
Sat, 26 Dec 2020 16:37:13 GMT - Info - Server is running on port: 3030
Sat, 26 Dec 2020 16:50:53 GMT - Info - Server is running on port: 3030
Sat, 26 Dec 2020 16:51:09 GMT - Info - Server is running on port: 3030
Sat, 26 Dec 2020 16:52:56 GMT - Info - Server is running on port: 3030
Sat, 26 Dec 2020 16:53:56 GMT - Info - Server is running on port: 3030
Sat, 26 Dec 2020 16:55:21 GMT - Info - Server is running on port: 3030
Sat, 26 Dec 2020 16:55:53 GMT - Info - Server is running on port: 3030
Sat, 26 Dec 2020 16:57:10 GMT - Info - Server is running on port: 3030
Sat, 26 Dec 2020 16:58:16 GMT - Info - Server is running on port: 3030
Sat, 26 Dec 2020 16:58:33 GMT - Info - Server is running on port: 3030
Sat, 26 Dec 2020 16:58:44 GMT - Info - Server is running on port: 3030
Sat, 26 Dec 2020 17:03:57 GMT - Info - Server is running on port: 3030
Sat, 26 Dec 2020 17:04:56 GMT - Info - Server is running on port: 3030
Sat, 26 Dec 2020 17:05:16 GMT - Info - Server is running on port: 3030
Sat, 26 Dec 2020 17:07:22 GMT - Info - Server is running on port: 3030
Sat, 26 Dec 2020 17:07:25 GMT - Info - Server is running on port: 3030
Sat, 26 Dec 2020 17:07:27 GMT - Info - Server is running on port: 3030
Sat, 26 Dec 2020 17:07:58 GMT - Info - Server is running on port: 3030
Sat, 26 Dec 2020 17:10:54 GMT - Info - Server is running on port: 3030
Sat, 26 Dec 2020 17:11:17 GMT - Info - Server is running on port: 3030
Sat, 26 Dec 2020 17:16:25 GMT - Info - Server is running on port: 3030
Sat, 26 Dec 2020 17:16:58 GMT - Info - Server is running on port: 3030
Sat, 26 Dec 2020 17:17:49 GMT - Info - Server is running on port: 3030
Sat, 26 Dec 2020 17:19:25 GMT - Info - Server is running on port: 3030
Sat, 26 Dec 2020 17:20:22 GMT - Info - Server is running on port: 3030
Sat, 26 Dec 2020 17:20:54 GMT - Info - Server is running on port: 3030
Sat, 26 Dec 2020 17:24:20 GMT - Info - Server is running on port: 3030
Sat, 26 Dec 2020 17:25:08 GMT - Info - Server is running on port: 3030
Sat, 26 Dec 2020 17:25:12 GMT - Info - Server is running on port: 3030
Sat, 26 Dec 2020 17:25:17 GMT - Info - Server is running on port: 3030
Sat, 26 Dec 2020 17:26:19 GMT - Info - Server is running on port: 3030
Sat, 26 Dec 2020 17:26:40 GMT - Info - Server is running on port: 3030
Sat, 26 Dec 2020 17:26:40 GMT - Info - Server is running on port: 3030
Sat, 26 Dec 2020 17:27:32 GMT - Info - Server is running on port: 3030
Sat, 26 Dec 2020 17:31:16 GMT - Info - Server is running on port: 3030
Sat, 26 Dec 2020 17:37:26 GMT - Info - Server is running on port: 3030
Sat, 26 Dec 2020 17:37:55 GMT - Info - Server is running on port: 3030
Sat, 26 Dec 2020 17:38:16 GMT - Info - Server is running on port: 3030
Sat, 26 Dec 2020 17:39:28 GMT - Info - Server is running on port: 3030
Sat, 26 Dec 2020 17:40:15 GMT - Info - Server is running on port: 3030
Sat, 26 Dec 2020 17:40:54 GMT - Info - Server is running on port: 3030
Sat, 26 Dec 2020 17:42:15 GMT - Info - Server is running on port: 3030
Sat, 26 Dec 2020 17:42:48 GMT - Info - Server is running on port: 3030
Sat, 26 Dec 2020 17:50:45 GMT - Info - Server is running on port: 3030
Sat, 26 Dec 2020 17:52:24 GMT - Info - Server is running on port: 3030
Sat, 26 Dec 2020 17:53:26 GMT - Info - Server is running on port: 3030
Sat, 26 Dec 2020 18:29:13 GMT - Info - Server is running on port: 3030
Sat, 26 Dec 2020 18:30:59 GMT - Info - Server is running on port: 3030
Sat, 26 Dec 2020 18:31:20 GMT - Info - Server is running on port: 3030
Sat, 26 Dec 2020 18:33:25 GMT - Info - Server is running on port: 3030
Sat, 26 Dec 2020 18:33:37 GMT - Info - Server is running on port: 3030
Sat, 26 Dec 2020 18:38:00 GMT - Info - Server is running on port: 3030
Sat, 26 Dec 2020 18:43:52 GMT - Info - Server is running on port: 3030
Sat, 26 Dec 2020 18:44:55 GMT - Info - Server is running on port: 3030
Sat, 26 Dec 2020 18:45:20 GMT - Info - Server is running on port: 3030
Sat, 26 Dec 2020 18:46:06 GMT - Info - Server is running on port: 3030
Sat, 26 Dec 2020 18:52:47 GMT - Info - Server is running on port: 3030
Sat, 26 Dec 2020 18:54:08 GMT - Info - Server is running on port: 3030
Sat, 26 Dec 2020 18:58:42 GMT - Info - Server is running on port: 3030
Sat, 26 Dec 2020 18:58:51 GMT - Info - Server is running on port: 3030
Sat, 26 Dec 2020 19:00:46 GMT - Info - Server is running on port: 3030
Sat, 26 Dec 2020 19:02:05 GMT - Info - Server is running on port: 3030
Sat, 26 Dec 2020 19:03:45 GMT - Info - Server is running on port: 3030
Sat, 26 Dec 2020 19:04:08 GMT - Info - Server is running on port: 3030
Sat, 26 Dec 2020 19:07:40 GMT - Info - Server is running on port: 3030
Sat, 26 Dec 2020 19:07:54 GMT - Info - Server is running on port: 3030
Sat, 26 Dec 2020 19:07:56 GMT - Info - Server is running on port: 3030
Sat, 26 Dec 2020 19:10:48 GMT - Info - Server is running on port: 3030
Sat, 26 Dec 2020 19:13:55 GMT - Info - Server is running on port: 3030
Sat, 26 Dec 2020 19:14:16 GMT - Info - Server is running on port: 3030
Sat, 26 Dec 2020 19:17:56 GMT - Info - Server is running on port: 3030
Sat, 26 Dec 2020 19:18:55 GMT - Info - Server is running on port: 3030
Sat, 26 Dec 2020 19:20:49 GMT - Info - Server is running on port: 3030
Sat, 26 Dec 2020 19:21:21 GMT - Info - Server is running on port: 3030
Sat, 26 Dec 2020 19:36:57 GMT - Info - Server is running on port: 3030
Sat, 26 Dec 2020 19:40:04 GMT - Info - Server is running on port: 3030
Sat, 26 Dec 2020 19:40:17 GMT - Info - Server is running on port: 3030
Sat, 26 Dec 2020 19:49:27 GMT - Info - Server is running on port: 3030
Sat, 26 Dec 2020 19:49:39 GMT - Info - Server is running on port: 3030
Sat, 26 Dec 2020 19:50:45 GMT - Info - Server is running on port: 3030
Sat, 26 Dec 2020 19:53:33 GMT - Info - Server is running on port: 3030
Sat, 26 Dec 2020 19:54:47 GMT - Info - Server is running on port: 3030
Sat, 26 Dec 2020 19:55:23 GMT - Info - Server is running on port: 3030
Sat, 26 Dec 2020 19:55:42 GMT - Info - Server is running on port: 3030
Sat, 26 Dec 2020 19:56:04 GMT - Info - Server is running on port: 3030
Sat, 26 Dec 2020 19:56:53 GMT - Info - Server is running on port: 3030
Sat, 26 Dec 2020 20:00:01 GMT - Info - Server is running on port: 3030
Sat, 26 Dec 2020 20:01:39 GMT - Info - Server is running on port: 3030
Sat, 26 Dec 2020 20:02:06 GMT - Info - Server is running on port: 3030
Sat, 26 Dec 2020 20:02:42 GMT - Info - Server is running on port: 3030
Sat, 26 Dec 2020 20:02:54 GMT - Info - Server is running on port: 3030
Sat, 26 Dec 2020 20:03:15 GMT - Info - Server is running on port: 3030
Sat, 26 Dec 2020 20:03:20 GMT - Info - Server is running on port: 3030
Sat, 26 Dec 2020 20:04:14 GMT - Info - Server is running on port: 3030
Sat, 26 Dec 2020 20:04:50 GMT - Info - Server is running on port: 3030
Sat, 26 Dec 2020 20:07:34 GMT - Info - Server is running on port: 3030
Sat, 26 Dec 2020 20:09:02 GMT - Info - Server is running on port: 3030
Sat, 26 Dec 2020 20:13:24 GMT - Info - Server is running on port: 3030
Sat, 26 Dec 2020 20:13:54 GMT - Info - Server is running on port: 3030
Sat, 26 Dec 2020 20:15:01 GMT - Info - Server is running on port: 3030
Sat, 26 Dec 2020 20:15:39 GMT - Info - Server is running on port: 3030
Sat, 26 Dec 2020 20:15:44 GMT - Info - Server is running on port: 3030
Sat, 26 Dec 2020 20:16:20 GMT - Info - Server is running on port: 3030
Sat, 26 Dec 2020 20:30:40 GMT - Info - Server is running on port: 3030
Sat, 26 Dec 2020 20:31:59 GMT - Info - Server is running on port: 3030
Sat, 26 Dec 2020 20:32:57 GMT - Info - Server is running on port: 3030
Sat, 26 Dec 2020 20:33:18 GMT - Info - Server is running on port: 3030
Sat, 26 Dec 2020 20:33:57 GMT - Info - Server is running on port: 3030
Sat, 26 Dec 2020 20:35:59 GMT - Info - Server is running on port: 3030
Sat, 26 Dec 2020 20:36:18 GMT - Info - Server is running on port: 3030
Sat, 26 Dec 2020 20:37:01 GMT - Info - Server is running on port: 3030
Sat, 26 Dec 2020 20:38:34 GMT - Info - Server is running on port: 3030
Sat, 26 Dec 2020 20:38:52 GMT - Info - Server is running on port: 3030
Sun, 27 Dec 2020 08:56:44 GMT - Info - Server is running on port: 3030
Sun, 27 Dec 2020 09:02:43 GMT - Info - Server is running on port: 3030
Sun, 27 Dec 2020 09:05:24 GMT - Info - Server is running on port: 3030
Sun, 27 Dec 2020 09:06:15 GMT - Info - Server is running on port: 3030
Sun, 27 Dec 2020 09:06:27 GMT - Info - Server is running on port: 3030
Sun, 27 Dec 2020 09:07:43 GMT - Info - Server is running on port: 3030
Sun, 27 Dec 2020 09:08:20 GMT - Info - Server is running on port: 3030
Sun, 27 Dec 2020 09:08:25 GMT - Info - Server is running on port: 3030
Sun, 27 Dec 2020 09:08:50 GMT - Info - Server is running on port: 3030
Sun, 27 Dec 2020 09:10:43 GMT - Info - Server is running on port: 3030
Sun, 27 Dec 2020 09:10:49 GMT - Info - Server is running on port: 3030
Sun, 27 Dec 2020 09:11:30 GMT - Info - Server is running on port: 3030
Sun, 27 Dec 2020 09:12:37 GMT - Info - Server is running on port: 3030
Sun, 27 Dec 2020 09:12:41 GMT - Info - Server is running on port: 3030
Sun, 27 Dec 2020 09:14:17 GMT - Info - Server is running on port: 3030
Sun, 27 Dec 2020 09:38:10 GMT - Info - Server is running on port: 3030
Sun, 27 Dec 2020 12:28:27 GMT - Info - Server is running on port: 3030
Sun, 27 Dec 2020 12:30:30 GMT - Info - Server is running on port: 3030
Sun, 27 Dec 2020 12:30:35 GMT - Info - Server is running on port: 3030
Sun, 27 Dec 2020 12:31:46 GMT - Info - Server is running on port: 3030
Sun, 27 Dec 2020 12:32:42 GMT - Info - Server is running on port: 3030
Sun, 27 Dec 2020 12:33:09 GMT - Info - Server is running on port: 3030
Sun, 27 Dec 2020 12:34:22 GMT - Info - Server is running on port: 3030
Sun, 27 Dec 2020 12:34:29 GMT - Info - Server is running on port: 3030
Sun, 27 Dec 2020 12:34:33 GMT - Info - Server is running on port: 3030
Sun, 27 Dec 2020 12:34:42 GMT - Info - Server is running on port: 3030
Sun, 27 Dec 2020 12:40:28 GMT - Info - Server is running on port: 3030
Sun, 27 Dec 2020 12:40:45 GMT - Info - Server is running on port: 3030
Sun, 27 Dec 2020 12:41:43 GMT - Info - Server is running on port: 3030
Sun, 27 Dec 2020 12:42:22 GMT - Info - Server is running on port: 3030
Sun, 27 Dec 2020 13:38:42 GMT - Info - Server is running on port: 3030
Sun, 27 Dec 2020 15:06:44 GMT - Info - Server is running on port: 3030
Sun, 27 Dec 2020 15:07:57 GMT - Info - Server is running on port: 3030
